<?xml version="1.0" encoding="UTF-8"?>
<testng-results ignored="0" total="1" passed="1" failed="0" skipped="0">
  <reporter-output>
  </reporter-output>
  <suite started-at="2023-07-31T15:56:16 IST" name="Default suite" finished-at="2023-07-31T15:56:40 IST" duration-ms="23357">
    <groups>
    </groups>
    <test started-at="2023-07-31T15:56:16 IST" name="Default test" finished-at="2023-07-31T15:56:40 IST" duration-ms="23357">
      <class name="Demo.TestScenario2">
        <test-method is-config="true" signature="setUp()[pri:0, instance:Demo.TestScenario2@71b1176b]" started-at="2023-07-31T15:56:16 IST" name="setUp" finished-at="2023-07-31T15:56:19 IST" duration-ms="3091" status="PASS">
          <reporter-output>
          </reporter-output>
        </test-method> <!-- setUp -->
        <test-method signature="testSimple()[pri:0, instance:Demo.TestScenario2@71b1176b]" started-at="2023-07-31T15:56:19 IST" name="testSimple" finished-at="2023-07-31T15:56:38 IST" duration-ms="18681" status="PASS">
          <reporter-output>
          </reporter-output>
        </test-method> <!-- testSimple -->
        <test-method is-config="true" signature="tearDown()[pri:0, instance:Demo.TestScenario2@71b1176b]" started-at="2023-07-31T15:56:38 IST" name="tearDown" finished-at="2023-07-31T15:56:40 IST" duration-ms="1528" status="PASS">
          <reporter-output>
          </reporter-output>
        </test-method> <!-- tearDown -->
      </class> <!-- Demo.TestScenario2 -->
    </test> <!-- Default test -->
  </suite> <!-- Default suite -->
</testng-results>
